Joint "r_shoulder_pitch" temperature is 35.0 degree.
Joint "r_shoulder_roll" temperature is 38.0 degree.
Joint "r_arm_yaw" temperature is 34.0 degree.
Joint "r_elbow_pitch" temperature is 39.0 degree.
Joint "r_forearm_yaw" temperature is 35.0 degree.
Joint "r_wrist_pitch" temperature is 33.0 degree.
Joint "r_wrist_roll" temperature is 37.0 degree.
Joint "r_gripper" temperature is 37.0 degree.
------------------
Joint "r_shoulder_pitch" temperature is 36.0 degree.
Joint "r_shoulder_roll" temperature is 38.0 degree.
Joint "r_arm_yaw" temperature is 34.0 degree.
Joint "r_elbow_pitch" temperature is 40.0 degree.
Joint "r_forearm_yaw" temperature is 36.0 degree.
Joint "r_wrist_pitch" temperature is 33.0 degree.
Joint "r_wrist_roll" temperature is 37.0 degree.
Joint "r_gripper" temperature is 37.0 degree.
------------------
Joint "r_shoulder_pitch" temperature is 36.0 degree.
Joint "r_shoulder_roll" temperature is 38.0 degree.
Joint "r_arm_yaw" temperature is 34.0 degree.
Joint "r_elbow_pitch" temperature is 40.0 degree.
Joint "r_forearm_yaw" temperature is 36.0 degree.
Joint "r_wrist_pitch" temperature is 33.0 degree.
Joint "r_wrist_roll" temperature is 37.0 degree.
Joint "r_gripper" temperature is 38.0 degree.
------------------
Joint "r_shoulder_pitch" temperature is 36.0 degree.
Joint "r_shoulder_roll" temperature is 38.0 degree.
Joint "r_arm_yaw" temperature is 34.0 degree.
Joint "r_elbow_pitch" temperature is 40.0 degree.
Joint "r_forearm_yaw" temperature is 37.0 degree.
Joint "r_wrist_pitch" temperature is 34.0 degree.
Joint "r_wrist_roll" temperature is 38.0 degree.
Joint "r_gripper" temperature is 38.0 degree.
------------------
Joint "r_shoulder_pitch" temperature is 36.0 degree.
Joint "r_shoulder_roll" temperature is 38.0 degree.
Joint "r_arm_yaw" temperature is 34.0 degree.
Joint "r_elbow_pitch" temperature is 41.0 degree.
Joint "r_forearm_yaw" temperature is 38.0 degree.
Joint "r_wrist_pitch" temperature is 34.0 degree.
Joint "r_wrist_roll" temperature is 38.0 degree.
Joint "r_gripper" temperature is 39.0 degree.
------------------
Joint "r_shoulder_pitch" temperature is 36.0 degree.
Joint "r_shoulder_roll" temperature is 38.0 degree.
Joint "r_arm_yaw" temperature is 34.0 degree.
Joint "r_elbow_pitch" temperature is 41.0 degree.
Joint "r_forearm_yaw" temperature is 38.0 degree.
Joint "r_wrist_pitch" temperature is 34.0 degree.
Joint "r_wrist_roll" temperature is 39.0 degree.
Joint "r_gripper" temperature is 39.0 degree.
------------------
Joint "r_shoulder_pitch" temperature is 37.0 degree.
Joint "r_shoulder_roll" temperature is 39.0 degree.
Joint "r_arm_yaw" temperature is 34.0 degree.
Joint "r_elbow_pitch" temperature is 41.0 degree.
Joint "r_forearm_yaw" temperature is 38.0 degree.
Joint "r_wrist_pitch" temperature is 34.0 degree.
Joint "r_wrist_roll" temperature is 38.0 degree.
Joint "r_gripper" temperature is 38.0 degree.
------------------
Joint "r_shoulder_pitch" temperature is 37.0 degree.
Joint "r_shoulder_roll" temperature is 38.0 degree.
Joint "r_arm_yaw" temperature is 34.0 degree.
Joint "r_elbow_pitch" temperature is 42.0 degree.
Joint "r_forearm_yaw" temperature is 39.0 degree.
Joint "r_wrist_pitch" temperature is 34.0 degree.
Joint "r_wrist_roll" temperature is 39.0 degree.
Joint "r_gripper" temperature is 38.0 degree.
------------------
Joint "r_shoulder_pitch" temperature is 37.0 degree.
Joint "r_shoulder_roll" temperature is 39.0 degree.
Joint "r_arm_yaw" temperature is 34.0 degree.
Joint "r_elbow_pitch" temperature is 42.0 degree.
Joint "r_forearm_yaw" temperature is 39.0 degree.
Joint "r_wrist_pitch" temperature is 34.0 degree.
Joint "r_wrist_roll" temperature is 39.0 degree.
Joint "r_gripper" temperature is 39.0 degree.
------------------
Joint "r_shoulder_pitch" temperature is 37.0 degree.
Joint "r_shoulder_roll" temperature is 39.0 degree.
Joint "r_arm_yaw" temperature is 34.0 degree.
Joint "r_elbow_pitch" temperature is 43.0 degree.
Joint "r_forearm_yaw" temperature is 39.0 degree.
Joint "r_wrist_pitch" temperature is 34.0 degree.
Joint "r_wrist_roll" temperature is 39.0 degree.
Joint "r_gripper" temperature is 39.0 degree.
------------------
Joint "r_shoulder_pitch" temperature is 37.0 degree.
Joint "r_shoulder_roll" temperature is 39.0 degree.
Joint "r_arm_yaw" temperature is 34.0 degree.
Joint "r_elbow_pitch" temperature is 43.0 degree.
Joint "r_forearm_yaw" temperature is 39.0 degree.
Joint "r_wrist_pitch" temperature is 34.0 degree.
Joint "r_wrist_roll" temperature is 39.0 degree.
Joint "r_gripper" temperature is 39.0 degree.
------------------
Joint "r_shoulder_pitch" temperature is 37.0 degree.
Joint "r_shoulder_roll" temperature is 39.0 degree.
Joint "r_arm_yaw" temperature is 34.0 degree.
Joint "r_elbow_pitch" temperature is 43.0 degree.
Joint "r_forearm_yaw" temperature is 40.0 degree.
Joint "r_wrist_pitch" temperature is 34.0 degree.
Joint "r_wrist_roll" temperature is 40.0 degree.
Joint "r_gripper" temperature is 40.0 degree.
------------------
Joint "r_shoulder_pitch" temperature is 37.0 degree.
Joint "r_shoulder_roll" temperature is 39.0 degree.
Joint "r_arm_yaw" temperature is 34.0 degree.
Joint "r_elbow_pitch" temperature is 44.0 degree.
Joint "r_forearm_yaw" temperature is 40.0 degree.
Joint "r_wrist_pitch" temperature is 34.0 degree.
Joint "r_wrist_roll" temperature is 39.0 degree.
Joint "r_gripper" temperature is 39.0 degree.
------------------
Joint "r_shoulder_pitch" temperature is 38.0 degree.
Joint "r_shoulder_roll" temperature is 39.0 degree.
Joint "r_arm_yaw" temperature is 34.0 degree.
Joint "r_elbow_pitch" temperature is 44.0 degree.
Joint "r_forearm_yaw" temperature is 40.0 degree.
Joint "r_wrist_pitch" temperature is 35.0 degree.
Joint "r_wrist_roll" temperature is 39.0 degree.
Joint "r_gripper" temperature is 39.0 degree.
------------------
Joint "r_shoulder_pitch" temperature is 38.0 degree.
Joint "r_shoulder_roll" temperature is 39.0 degree.
Joint "r_arm_yaw" temperature is 35.0 degree.
Joint "r_elbow_pitch" temperature is 45.0 degree.
Joint "r_forearm_yaw" temperature is 40.0 degree.
Joint "r_wrist_pitch" temperature is 35.0 degree.
Joint "r_wrist_roll" temperature is 40.0 degree.
Joint "r_gripper" temperature is 40.0 degree.
------------------
Joint "r_shoulder_pitch" temperature is 38.0 degree.
Joint "r_shoulder_roll" temperature is 39.0 degree.
Joint "r_arm_yaw" temperature is 35.0 degree.
Joint "r_elbow_pitch" temperature is 45.0 degree.
Joint "r_forearm_yaw" temperature is 40.0 degree.
Joint "r_wrist_pitch" temperature is 35.0 degree.
Joint "r_wrist_roll" temperature is 40.0 degree.
Joint "r_gripper" temperature is 40.0 degree.
------------------
Joint "r_shoulder_pitch" temperature is 39.0 degree.
Joint "r_shoulder_roll" temperature is 39.0 degree.
Joint "r_arm_yaw" temperature is 35.0 degree.
Joint "r_elbow_pitch" temperature is 45.0 degree.
Joint "r_forearm_yaw" temperature is 40.0 degree.
Joint "r_wrist_pitch" temperature is 35.0 degree.
Joint "r_wrist_roll" temperature is 40.0 degree.
Joint "r_gripper" temperature is 40.0 degree.
------------------
Joint "r_shoulder_pitch" temperature is 38.0 degree.
Joint "r_shoulder_roll" temperature is 39.0 degree.
Joint "r_arm_yaw" temperature is 35.0 degree.
Joint "r_elbow_pitch" temperature is 46.0 degree.
Joint "r_forearm_yaw" temperature is 40.0 degree.
Joint "r_wrist_pitch" temperature is 35.0 degree.
Joint "r_wrist_roll" temperature is 40.0 degree.
Joint "r_gripper" temperature is 40.0 degree.
------------------
Joint "r_shoulder_pitch" temperature is 39.0 degree.
Joint "r_shoulder_roll" temperature is 39.0 degree.
Joint "r_arm_yaw" temperature is 35.0 degree.
Joint "r_elbow_pitch" temperature is 47.0 degree.
Joint "r_forearm_yaw" temperature is 40.0 degree.
Joint "r_wrist_pitch" temperature is 35.0 degree.
Joint "r_wrist_roll" temperature is 40.0 degree.
Joint "r_gripper" temperature is 40.0 degree.
------------------
Joint "r_shoulder_pitch" temperature is 39.0 degree.
Joint "r_shoulder_roll" temperature is 39.0 degree.
Joint "r_arm_yaw" temperature is 35.0 degree.
Joint "r_elbow_pitch" temperature is 47.0 degree.
Joint "r_forearm_yaw" temperature is 41.0 degree.
Joint "r_wrist_pitch" temperature is 35.0 degree.
Joint "r_wrist_roll" temperature is 40.0 degree.
Joint "r_gripper" temperature is 40.0 degree.
------------------
Joint "r_shoulder_pitch" temperature is 39.0 degree.
Joint "r_shoulder_roll" temperature is 39.0 degree.
Joint "r_arm_yaw" temperature is 35.0 degree.
Joint "r_elbow_pitch" temperature is 47.0 degree.
Joint "r_forearm_yaw" temperature is 41.0 degree.
Joint "r_wrist_pitch" temperature is 35.0 degree.
Joint "r_wrist_roll" temperature is 40.0 degree.
Joint "r_gripper" temperature is 40.0 degree.
------------------
